  DIV.c
C:\Users\82105\Desktop\새 폴더\code\DIV.c(59,20): warning C4334: '<<': 32비트 시프트의 결과가 암시적으로 64비트로 변환됩니다. 64비트 시프트를 사용하시겠습니까?
C:\Users\82105\Desktop\새 폴더\code\DIV.c(65,21): warning C4334: '<<': 32비트 시프트의 결과가 암시적으로 64비트로 변환됩니다. 64비트 시프트를 사용하시겠습니까?
C:\Users\82105\Desktop\새 폴더\code\DIV.c(51,1): warning C4334: '<<': 32비트 시프트의 결과가 암시적으로 64비트로 변환됩니다. 64비트 시프트를 사용하시겠습니까?
C:\Users\82105\Desktop\새 폴더\code\DIV.c(92,10): warning C4477: 'printf' : 서식 문자열 '%x'에 'unsigned int' 형식의 인수가 필요하지만 variadic 인수 1의 형식이 'word'입니다.
C:\Users\82105\Desktop\새 폴더\code\DIV.c(92,10): message : 서식 문자열에서 '%llx'을(를) 사용하는 것이 좋습니다.
C:\Users\82105\Desktop\새 폴더\code\DIV.c(92,10): message : 서식 문자열에서 '%I64x'을(를) 사용하는 것이 좋습니다.
C:\Users\82105\Desktop\새 폴더\code\DIV.c(92,10): warning C4477: 'printf' : 서식 문자열 '%x'에 'unsigned int' 형식의 인수가 필요하지만 variadic 인수 2의 형식이 'word'입니다.
C:\Users\82105\Desktop\새 폴더\code\DIV.c(92,10): message : 서식 문자열에서 '%llx'을(를) 사용하는 것이 좋습니다.
C:\Users\82105\Desktop\새 폴더\code\DIV.c(92,10): message : 서식 문자열에서 '%I64x'을(를) 사용하는 것이 좋습니다.
C:\Users\82105\Desktop\새 폴더\code\DIV.c(139,32): warning C4028: 정식 매개 변수 2이(가) 선언과 다릅니다.
C:\Users\82105\Desktop\새 폴더\code\DIV.c(154,16): warning C4047: '함수': 'bigint **'의 간접 참조 수준이 'bigint *'과(와) 다릅니다.
C:\Users\82105\Desktop\새 폴더\code\DIV.c(154,13): warning C4024: 'bi_rshift': 형식 및 실제 매개 변수 1의 형식이 서로 다릅니다.
C:\Users\82105\Desktop\새 폴더\code\DIV.c(175,19): warning C4028: 정식 매개 변수 1이(가) 선언과 다릅니다.
C:\Users\82105\Desktop\새 폴더\code\DIV.c(175,31): warning C4028: 정식 매개 변수 2이(가) 선언과 다릅니다.
  MUL.c
  main.c
C:\Users\82105\Desktop\새 폴더\code\main.c(11,18): warning C4244: '함수': 'time_t'에서 'unsigned int'(으)로 변환하면서 데이터가 손실될 수 있습니다.
  코드를 생성하고 있습니다...
  harmony.vcxproj -> C:\Users\82105\Desktop\새 폴더\code\Debug\harmony.exe
