  ADD.c
  DIV.c
C:\Users\82105\Desktop\새 폴더\code\DIV.c(58,22): warning C4334: '<<': 32비트 시프트의 결과가 암시적으로 64비트로 변환됩니다. 64비트 시프트를 사용하시겠습니까?
C:\Users\82105\Desktop\새 폴더\code\DIV.c(64,23): warning C4334: '<<': 32비트 시프트의 결과가 암시적으로 64비트로 변환됩니다. 64비트 시프트를 사용하시겠습니까?
C:\Users\82105\Desktop\새 폴더\code\DIV.c(50,1): warning C4334: '<<': 32비트 시프트의 결과가 암시적으로 64비트로 변환됩니다. 64비트 시프트를 사용하시겠습니까?
C:\Users\82105\Desktop\새 폴더\code\DIV.c(102,13): warning C4047: '함수': 'bigint *'의 간접 참조 수준이 'bigint **'과(와) 다릅니다.
C:\Users\82105\Desktop\새 폴더\code\DIV.c(102,10): warning C4024: 'MULC': 형식 및 실제 매개 변수 2의 형식이 서로 다릅니다.
C:\Users\82105\Desktop\새 폴더\code\DIV.c(125,32): warning C4028: 정식 매개 변수 2이(가) 선언과 다릅니다.
C:\Users\82105\Desktop\새 폴더\code\DIV.c(138,13): warning C4047: '함수': 'bigint *'의 간접 참조 수준이 'bigint **'과(와) 다릅니다.
C:\Users\82105\Desktop\새 폴더\code\DIV.c(138,12): warning C4024: 'DIVCC': 형식 및 실제 매개 변수 2의 형식이 서로 다릅니다.
C:\Users\82105\Desktop\새 폴더\code\DIV.c(142,19): warning C4047: '함수': 'bigint *'의 간접 참조 수준이 'bigint **'과(와) 다릅니다.
C:\Users\82105\Desktop\새 폴더\code\DIV.c(142,16): warning C4024: 'bi_assign': 형식 및 실제 매개 변수 2의 형식이 서로 다릅니다.
C:\Users\82105\Desktop\새 폴더\code\DIV.c(143,23): warning C4047: '=': 'word'의 간접 참조 수준이 'word *'과(와) 다릅니다.
C:\Users\82105\Desktop\새 폴더\code\DIV.c(161,19): warning C4028: 정식 매개 변수 1이(가) 선언과 다릅니다.
C:\Users\82105\Desktop\새 폴더\code\DIV.c(161,31): warning C4028: 정식 매개 변수 2이(가) 선언과 다릅니다.
  MUL.c
  SUB.c
  bigint.c
C:\Users\82105\Desktop\새 폴더\code\bigint.c(108,6): warning C4101: 'len' :참조되지 않은 지역 변수입니다.
C:\Users\82105\Desktop\새 폴더\code\bigint.c(110,6): warning C4101: 'n' :참조되지 않은 지역 변수입니다.
C:\Users\82105\Desktop\새 폴더\code\bigint.c(148,19): warning C4477: 'fprintf' : 서식 문자열 '%04x'에 'unsigned int' 형식의 인수가 필요하지만 variadic 인수 1의 형식이 'word'입니다.
C:\Users\82105\Desktop\새 폴더\code\bigint.c(148,19): message : 서식 문자열에서 '%llx'을(를) 사용하는 것이 좋습니다.
C:\Users\82105\Desktop\새 폴더\code\bigint.c(148,19): message : 서식 문자열에서 '%I64x'을(를) 사용하는 것이 좋습니다.
C:\Users\82105\Desktop\새 폴더\code\bigint.c(159,1): warning C4244: '초기화 중': 'word'에서 'int'(으)로 변환하면서 데이터가 손실될 수 있습니다.
C:\Users\82105\Desktop\새 폴더\code\bigint.c(223,13): warning C4018: '<': signed 또는 unsigned가 일치하지 않습니다.
C:\Users\82105\Desktop\새 폴더\code\bigint.c(251,29): warning C4293: '>>': 시프트 횟수가 음수이거나 너무 큽니다. 정의되지 않은 동작입니다.
C:\Users\82105\Desktop\새 폴더\code\bigint.c(251,62): warning C4293: '<<': 시프트 횟수가 음수이거나 너무 큽니다. 정의되지 않은 동작입니다.
C:\Users\82105\Desktop\새 폴더\code\bigint.c(251,62): warning C4554: '<<': 연산자 우선 순위에 오류가 있는지 확인하세요. 괄호를 사용하여 우선 순위를 명확하게 지정하세요.
C:\Users\82105\Desktop\새 폴더\code\bigint.c(251,31): warning C4552: '>>': 식의 결과가 사용되지 않습니다.
C:\Users\82105\Desktop\새 폴더\code\bigint.c(285,39): warning C4554: '|': 연산자 우선 순위에 오류가 있는지 확인하세요. 괄호를 사용하여 우선 순위를 명확하게 지정하세요.
C:\Users\82105\Desktop\새 폴더\code\bigint.c(297,39): warning C4554: '|': 연산자 우선 순위에 오류가 있는지 확인하세요. 괄호를 사용하여 우선 순위를 명확하게 지정하세요.
C:\Users\82105\Desktop\새 폴더\code\bigint.c(326,46): warning C4554: '&': 연산자 우선 순위에 오류가 있는지 확인하세요. 괄호를 사용하여 우선 순위를 명확하게 지정하세요.
C:\Users\82105\Desktop\새 폴더\code\bigint.c(328,46): warning C4554: '&': 연산자 우선 순위에 오류가 있는지 확인하세요. 괄호를 사용하여 우선 순위를 명확하게 지정하세요.
C:\Users\82105\Desktop\새 폴더\code\bigint.c(341,8): warning C4018: '>': signed 또는 unsigned가 일치하지 않습니다.
C:\Users\82105\Desktop\새 폴더\code\bigint.c(380,20): warning C4552: '<<': 식의 결과가 사용되지 않습니다.
  main.c
C:\Users\82105\Desktop\새 폴더\code\main.c(11,19): warning C4244: '함수': 'time_t'에서 'unsigned int'(으)로 변환하면서 데이터가 손실될 수 있습니다.
  코드를 생성하고 있습니다...
C:\Users\82105\Desktop\새 폴더\code\bigint.c(252): warning C4716: 'bi_get_ibit': 값을 반환해야 합니다.
LINK : warning LNK4075: '/INCREMENTAL'이(가) '/OPT:ICF' 사양으로 인해 무시됩니다.
MSVCRT.lib(exe_winmain.obj) : error LNK2019: _WinMain@16"int __cdecl __scrt_common_main_seh(void)" (?__scrt_common_main_seh@@YAHXZ) 함수에서 참조되는 확인할 수 없는 외부 기호
C:\Users\82105\Desktop\새 폴더\code\Release\harmony.exe : fatal error LNK1120: 1개의 확인할 수 없는 외부 참조입니다.
